# JRE version: OpenJDK Runtime Environment (17.0.11) (build 17.0.11+0--11852314)
# Java VM: OpenJDK 64-Bit Server VM (17.0.11+0--11852314, mixed mode, tiered, compressed oops, compressed class ptrs, g1 gc, windows-amd64)
GC Precious Log:
 CPUs: 8 total, 8 available
 Memory: 16227M
 Large Page Support: Disabled
 NUMA Support: Disabled
 Compressed Oops: Enabled (32-bit)
 Heap Region Size: 1M
 Heap Min Capacity: 8M
 Heap Initial Capacity: 254M
 Heap Max Capacity: 2G
 Pre-touch: Disabled
 Parallel Workers: 8
 Concurrent Workers: 2
 Concurrent Refinement Workers: 8
 Periodic GC: Disabled
Heap:
 garbage-first heap   total 363520K, used 142099K [0x0000000080000000, 0x0000000100000000)
  region size 1024K, 4 young (4096K), 4 survivors (4096K)
 Metaspace       used 162299K, committed 163776K, reserved 1245184K
  class space    used 20792K, committed 21504K, reserved 1048576K
GC Heap History (20 events):
Event: 6482.583 GC heap after
{Heap after GC invocations=101 (full 1):
 garbage-first heap   total 358400K, used 157152K [0x0000000080000000, 0x0000000100000000)
  region size 1024K, 3 young (3072K), 3 survivors (3072K)
 Metaspace       used 161766K, committed 163264K, reserved 1245184K
  class space    used 20771K, committed 21504K, reserved 1048576K
}
Event: 6482.853 GC heap before
{Heap before GC invocations=101 (full 1):
 garbage-first heap   total 358400K, used 179680K [0x0000000080000000, 0x0000000100000000)
  region size 1024K, 27 young (27648K), 3 survivors (3072K)
 Metaspace       used 161808K, committed 163328K, reserved 1245184K
  class space    used 20771K, committed 21504K, reserved 1048576K
}
Event: 6482.858 GC heap after
{Heap after GC invocations=102 (full 1):
 garbage-first heap   total 358400K, used 157113K [0x0000000080000000, 0x0000000100000000)
  region size 1024K, 3 young (3072K), 3 survivors (3072K)
 Metaspace       used 161808K, committed 163328K, reserved 1245184K
  class space    used 20771K, committed 21504K, reserved 1048576K
}
Event: 6483.563 GC heap before
{Heap before GC invocations=103 (full 1):
 garbage-first heap   total 363520K, used 270777K [0x0000000080000000, 0x0000000100000000)
  region size 1024K, 111 young (113664K), 3 survivors (3072K)
 Metaspace       used 161842K, committed 163328K, reserved 1245184K
  class space    used 20776K, committed 21504K, reserved 1048576K
}
Event: 6483.572 GC heap after
{Heap after GC invocations=104 (full 1):
 garbage-first heap   total 363520K, used 162559K [0x0000000080000000, 0x0000000100000000)
  region size 1024K, 8 young (8192K), 8 survivors (8192K)
 Metaspace       used 161842K, committed 163328K, reserved 1245184K
  class space    used 20776K, committed 21504K, reserved 1048576K
}
Event: 6483.712 GC heap before
{Heap before GC invocations=104 (full 1):
 garbage-first heap   total 363520K, used 171775K [0x0000000080000000, 0x0000000100000000)
  region size 1024K, 17 young (17408K), 8 survivors (8192K)
 Metaspace       used 161867K, committed 163392K, reserved 1245184K
  class space    used 20780K, committed 21504K, reserved 1048576K
}
Event: 6483.718 GC heap after
{Heap after GC invocations=105 (full 1):
 garbage-first heap   total 363520K, used 152498K [0x0000000080000000, 0x0000000100000000)
  region size 1024K, 2 young (2048K), 2 survivors (2048K)
 Metaspace       used 161867K, committed 163392K, reserved 1245184K
  class space    used 20780K, committed 21504K, reserved 1048576K
}
Event: 6483.854 GC heap before
{Heap before GC invocations=105 (full 1):
 garbage-first heap   total 363520K, used 193458K [0x0000000080000000, 0x0000000100000000)
  region size 1024K, 44 young (45056K), 2 survivors (2048K)
 Metaspace       used 161902K, committed 163392K, reserved 1245184K
  class space    used 20783K, committed 21504K, reserved 1048576K
}
Event: 6483.863 GC heap after
{Heap after GC invocations=106 (full 1):
 garbage-first heap   total 363520K, used 159863K [0x0000000080000000, 0x0000000100000000)
  region size 1024K, 9 young (9216K), 9 survivors (9216K)
 Metaspace       used 161902K, committed 163392K, reserved 1245184K
  class space    used 20783K, committed 21504K, reserved 1048576K
}
Event: 8167.773 GC heap before
{Heap before GC invocations=107 (full 1):
 garbage-first heap   total 363520K, used 331895K [0x0000000080000000, 0x0000000100000000)
  region size 1024K, 123 young (125952K), 9 survivors (9216K)
 Metaspace       used 162047K, committed 163520K, reserved 1245184K
  class space    used 20791K, committed 21504K, reserved 1048576K
}
Event: 8167.787 GC heap after
{Heap after GC invocations=108 (full 1):
 garbage-first heap   total 363520K, used 159813K [0x0000000080000000, 0x0000000100000000)
  region size 1024K, 7 young (7168K), 7 survivors (7168K)
 Metaspace       used 162047K, committed 163520K, reserved 1245184K
  class space    used 20791K, committed 21504K, reserved 1048576K
}
Event: 8167.948 GC heap before
{Heap before GC invocations=108 (full 1):
 garbage-first heap   total 363520K, used 169029K [0x0000000080000000, 0x0000000100000000)
  region size 1024K, 17 young (17408K), 7 survivors (7168K)
 Metaspace       used 162047K, committed 163520K, reserved 1245184K
  class space    used 20791K, committed 21504K, reserved 1048576K
}
Event: 8167.959 GC heap after
{Heap after GC invocations=109 (full 1):
 garbage-first heap   total 363520K, used 153969K [0x0000000080000000, 0x0000000100000000)
  region size 1024K, 3 young (3072K), 3 survivors (3072K)
 Metaspace       used 162047K, committed 163520K, reserved 1245184K
  class space    used 20791K, committed 21504K, reserved 1048576K
}
Event: 8168.047 GC heap before
{Heap before GC invocations=109 (full 1):
 garbage-first heap   total 363520K, used 170353K [0x0000000080000000, 0x0000000100000000)
  region size 1024K, 20 young (20480K), 3 survivors (3072K)
 Metaspace       used 162049K, committed 163520K, reserved 1245184K
  class space    used 20791K, committed 21504K, reserved 1048576K
}
Event: 8168.052 GC heap after
{Heap after GC invocations=110 (full 1):
 garbage-first heap   total 363520K, used 154427K [0x0000000080000000, 0x0000000100000000)
  region size 1024K, 4 young (4096K), 4 survivors (4096K)
 Metaspace       used 162049K, committed 163520K, reserved 1245184K
  class space    used 20791K, committed 21504K, reserved 1048576K
}
Event: 8168.938 GC heap before
{Heap before GC invocations=111 (full 1):
 garbage-first heap   total 363520K, used 292667K [0x0000000080000000, 0x0000000100000000)
  region size 1024K, 124 young (126976K), 4 survivors (4096K)
 Metaspace       used 162265K, committed 163712K, reserved 1245184K
  class space    used 20792K, committed 21504K, reserved 1048576K
}
Event: 8168.951 GC heap after
{Heap after GC invocations=112 (full 1):
 garbage-first heap   total 363520K, used 143572K [0x0000000080000000, 0x0000000100000000)
  region size 1024K, 10 young (10240K), 10 survivors (10240K)
 Metaspace       used 162265K, committed 163712K, reserved 1245184K
  class space    used 20792K, committed 21504K, reserved 1048576K
}
Event: 8169.012 GC heap before
{Heap before GC invocations=112 (full 1):
 garbage-first heap   total 363520K, used 150740K [0x0000000080000000, 0x0000000100000000)
  region size 1024K, 17 young (17408K), 10 survivors (10240K)
 Metaspace       used 162283K, committed 163712K, reserved 1245184K
  class space    used 20792K, committed 21504K, reserved 1048576K
}
Event: 8169.019 GC heap after
{Heap after GC invocations=113 (full 1):
 garbage-first heap   total 363520K, used 139289K [0x0000000080000000, 0x0000000100000000)
  region size 1024K, 2 young (2048K), 2 survivors (2048K)
 Metaspace       used 162283K, committed 163712K, reserved 1245184K
  class space    used 20792K, committed 21504K, reserved 1048576K
}
Event: 8171.764 GC heap before
{Heap before GC invocations=113 (full 1):
 garbage-first heap   total 363520K, used 278553K [0x0000000080000000, 0x0000000100000000)
  region size 1024K, 139 young (142336K), 2 survivors (2048K)
 Metaspace       used 162299K, committed 163776K, reserved 1245184K
  class space    used 20792K, committed 21504K, reserved 1048576K
}

