# JRE version: OpenJDK Runtime Environment (17.0.11) (build 17.0.11+0--11852314)
# Java VM: OpenJDK 64-Bit Server VM (17.0.11+0--11852314, mixed mode, tiered, compressed oops, compressed class ptrs, g1 gc, windows-amd64)
GC Precious Log:
 CPUs: 8 total, 8 available
 Memory: 16227M
 Large Page Support: Disabled
 NUMA Support: Disabled
 Compressed Oops: Enabled (32-bit)
 Heap Region Size: 1M
 Heap Min Capacity: 8M
 Heap Initial Capacity: 254M
 Heap Max Capacity: 2G
 Pre-touch: Disabled
 Parallel Workers: 8
 Concurrent Workers: 2
 Concurrent Refinement Workers: 8
 Periodic GC: Disabled
Heap:
 garbage-first heap   total 475136K, used 246298K [0x0000000080000000, 0x0000000100000000)
  region size 1024K, 2 young (2048K), 2 survivors (2048K)
 Metaspace       used 135116K, committed 136192K, reserved 1179648K
  class space    used 17496K, committed 18048K, reserved 1048576K
GC Heap History (20 events):
Event: 201.350 GC heap after
{Heap after GC invocations=45 (full 0):
 garbage-first heap   total 347136K, used 197935K [0x0000000080000000, 0x0000000100000000)
  region size 1024K, 4 young (4096K), 4 survivors (4096K)
 Metaspace       used 122358K, committed 123328K, reserved 1179648K
  class space    used 16102K, committed 16576K, reserved 1048576K
}
Event: 201.688 GC heap before
{Heap before GC invocations=45 (full 0):
 garbage-first heap   total 347136K, used 210223K [0x0000000080000000, 0x0000000100000000)
  region size 1024K, 16 young (16384K), 4 survivors (4096K)
 Metaspace       used 122616K, committed 123584K, reserved 1179648K
  class space    used 16119K, committed 16576K, reserved 1048576K
}
Event: 201.697 GC heap after
{Heap after GC invocations=46 (full 0):
 garbage-first heap   total 347136K, used 197271K [0x0000000080000000, 0x0000000100000000)
  region size 1024K, 2 young (2048K), 2 survivors (2048K)
 Metaspace       used 122616K, committed 123584K, reserved 1179648K
  class space    used 16119K, committed 16576K, reserved 1048576K
}
Event: 202.637 GC heap before
{Heap before GC invocations=46 (full 0):
 garbage-first heap   total 347136K, used 286359K [0x0000000080000000, 0x0000000100000000)
  region size 1024K, 90 young (92160K), 2 survivors (2048K)
 Metaspace       used 125186K, committed 126208K, reserved 1179648K
  class space    used 16486K, committed 16960K, reserved 1048576K
}
Event: 202.649 GC heap after
{Heap after GC invocations=47 (full 0):
 garbage-first heap   total 347136K, used 207170K [0x0000000080000000, 0x0000000100000000)
  region size 1024K, 12 young (12288K), 12 survivors (12288K)
 Metaspace       used 125186K, committed 126208K, reserved 1179648K
  class space    used 16486K, committed 16960K, reserved 1048576K
}
Event: 204.040 GC heap before
{Heap before GC invocations=48 (full 0):
 garbage-first heap   total 372736K, used 283970K [0x0000000080000000, 0x0000000100000000)
  region size 1024K, 88 young (90112K), 12 survivors (12288K)
 Metaspace       used 128137K, committed 129152K, reserved 1179648K
  class space    used 16818K, committed 17280K, reserved 1048576K
}
Event: 204.056 GC heap after
{Heap after GC invocations=49 (full 0):
 garbage-first heap   total 372736K, used 218047K [0x0000000080000000, 0x0000000100000000)
  region size 1024K, 11 young (11264K), 11 survivors (11264K)
 Metaspace       used 128137K, committed 129152K, reserved 1179648K
  class space    used 16818K, committed 17280K, reserved 1048576K
}
Event: 204.179 GC heap before
{Heap before GC invocations=49 (full 0):
 garbage-first heap   total 372736K, used 224191K [0x0000000080000000, 0x0000000100000000)
  region size 1024K, 18 young (18432K), 11 survivors (11264K)
 Metaspace       used 128164K, committed 129152K, reserved 1179648K
  class space    used 16818K, committed 17280K, reserved 1048576K
}
Event: 204.195 GC heap after
{Heap after GC invocations=50 (full 0):
 garbage-first heap   total 372736K, used 212187K [0x0000000080000000, 0x0000000100000000)
  region size 1024K, 3 young (3072K), 3 survivors (3072K)
 Metaspace       used 128164K, committed 129152K, reserved 1179648K
  class space    used 16818K, committed 17280K, reserved 1048576K
}
Event: 204.248 GC heap before
{Heap before GC invocations=50 (full 0):
 garbage-first heap   total 372736K, used 216283K [0x0000000080000000, 0x0000000100000000)
  region size 1024K, 8 young (8192K), 3 survivors (3072K)
 Metaspace       used 128165K, committed 129152K, reserved 1179648K
  class space    used 16818K, committed 17280K, reserved 1048576K
}
Event: 204.252 GC heap after
{Heap after GC invocations=51 (full 0):
 garbage-first heap   total 372736K, used 213816K [0x0000000080000000, 0x0000000100000000)
  region size 1024K, 5 young (5120K), 5 survivors (5120K)
 Metaspace       used 128165K, committed 129152K, reserved 1179648K
  class space    used 16818K, committed 17280K, reserved 1048576K
}
Event: 205.258 GC heap before
{Heap before GC invocations=52 (full 0):
 garbage-first heap   total 404480K, used 302904K [0x0000000080000000, 0x0000000100000000)
  region size 1024K, 76 young (77824K), 5 survivors (5120K)
 Metaspace       used 130707K, committed 131712K, reserved 1179648K
  class space    used 17164K, committed 17664K, reserved 1048576K
}
Event: 205.280 GC heap after
{Heap after GC invocations=53 (full 0):
 garbage-first heap   total 404480K, used 236966K [0x0000000080000000, 0x0000000100000000)
  region size 1024K, 10 young (10240K), 10 survivors (10240K)
 Metaspace       used 130707K, committed 131712K, reserved 1179648K
  class space    used 17164K, committed 17664K, reserved 1048576K
}
Event: 205.401 GC heap before
{Heap before GC invocations=53 (full 0):
 garbage-first heap   total 404480K, used 245158K [0x0000000080000000, 0x0000000100000000)
  region size 1024K, 19 young (19456K), 10 survivors (10240K)
 Metaspace       used 131444K, committed 132480K, reserved 1179648K
  class space    used 17210K, committed 17664K, reserved 1048576K
}
Event: 205.415 GC heap after
{Heap after GC invocations=54 (full 0):
 garbage-first heap   total 404480K, used 235599K [0x0000000080000000, 0x0000000100000000)
  region size 1024K, 2 young (2048K), 2 survivors (2048K)
 Metaspace       used 131444K, committed 132480K, reserved 1179648K
  class space    used 17210K, committed 17664K, reserved 1048576K
}
Event: 205.843 GC heap before
{Heap before GC invocations=54 (full 0):
 garbage-first heap   total 404480K, used 272463K [0x0000000080000000, 0x0000000100000000)
  region size 1024K, 39 young (39936K), 2 survivors (2048K)
 Metaspace       used 131740K, committed 132736K, reserved 1179648K
  class space    used 17221K, committed 17664K, reserved 1048576K
}
Event: 205.851 GC heap after
{Heap after GC invocations=55 (full 0):
 garbage-first heap   total 404480K, used 240947K [0x0000000080000000, 0x0000000100000000)
  region size 1024K, 7 young (7168K), 7 survivors (7168K)
 Metaspace       used 131740K, committed 132736K, reserved 1179648K
  class space    used 17221K, committed 17664K, reserved 1048576K
}
Event: 206.602 GC heap before
{Heap before GC invocations=56 (full 0):
 garbage-first heap   total 475136K, used 342323K [0x0000000080000000, 0x0000000100000000)
  region size 1024K, 79 young (80896K), 7 survivors (7168K)
 Metaspace       used 134996K, committed 136064K, reserved 1179648K
  class space    used 17496K, committed 18048K, reserved 1048576K
}
Event: 206.615 GC heap after
{Heap after GC invocations=57 (full 0):
 garbage-first heap   total 475136K, used 246866K [0x0000000080000000, 0x0000000100000000)
  region size 1024K, 10 young (10240K), 10 survivors (10240K)
 Metaspace       used 134996K, committed 136064K, reserved 1179648K
  class space    used 17496K, committed 18048K, reserved 1048576K
}
Event: 206.709 GC heap before
{Heap before GC invocations=57 (full 0):
 garbage-first heap   total 475136K, used 260178K [0x0000000080000000, 0x0000000100000000)
  region size 1024K, 23 young (23552K), 10 survivors (10240K)
 Metaspace       used 135116K, committed 136192K, reserved 1179648K
  class space    used 17496K, committed 18048K, reserved 1048576K
}

