# JRE version: OpenJDK Runtime Environment (17.0.11) (build 17.0.11+0--11852314)
# Java VM: OpenJDK 64-Bit Server VM (17.0.11+0--11852314, mixed mode, tiered, compressed oops, compressed class ptrs, g1 gc, windows-amd64)
GC Precious Log:
 CPUs: 8 total, 8 available
 Memory: 16227M
 Large Page Support: Disabled
 NUMA Support: Disabled
 Compressed Oops: Enabled (32-bit)
 Heap Region Size: 1M
 Heap Min Capacity: 8M
 Heap Initial Capacity: 254M
 Heap Max Capacity: 2G
 Pre-touch: Disabled
 Parallel Workers: 8
 Concurrent Workers: 2
 Concurrent Refinement Workers: 8
 Periodic GC: Disabled
Heap:
 garbage-first heap   total 404480K, used 231877K [0x0000000080000000, 0x0000000100000000)
  region size 1024K, 4 young (4096K), 4 survivors (4096K)
 Metaspace       used 222337K, committed 223488K, reserved 1245184K
  class space    used 29015K, committed 29568K, reserved 1048576K
GC Heap History (20 events):
Event: 5056.761 GC heap after
{Heap after GC invocations=74 (full 0):
 garbage-first heap   total 404480K, used 170395K [0x0000000080000000, 0x0000000100000000)
  region size 1024K, 2 young (2048K), 2 survivors (2048K)
 Metaspace       used 163681K, committed 164736K, reserved 1245184K
  class space    used 22356K, committed 22848K, reserved 1048576K
}
Event: 5057.597 GC heap before
{Heap before GC invocations=74 (full 0):
 garbage-first heap   total 404480K, used 290203K [0x0000000080000000, 0x0000000100000000)
  region size 1024K, 120 young (122880K), 2 survivors (2048K)
 Metaspace       used 168164K, committed 169216K, reserved 1245184K
  class space    used 22864K, committed 23360K, reserved 1048576K
}
Event: 5057.614 GC heap after
{Heap after GC invocations=75 (full 0):
 garbage-first heap   total 404480K, used 190464K [0x0000000080000000, 0x0000000100000000)
  region size 1024K, 19 young (19456K), 19 survivors (19456K)
 Metaspace       used 168164K, committed 169216K, reserved 1245184K
  class space    used 22864K, committed 23360K, reserved 1048576K
}
Event: 5059.591 GC heap before
{Heap before GC invocations=76 (full 0):
 garbage-first heap   total 404480K, used 319488K [0x0000000080000000, 0x0000000100000000)
  region size 1024K, 138 young (141312K), 19 survivors (19456K)
 Metaspace       used 181868K, committed 182912K, reserved 1245184K
  class space    used 24394K, committed 24896K, reserved 1048576K
}
Event: 5059.616 GC heap after
{Heap after GC invocations=77 (full 0):
 garbage-first heap   total 404480K, used 209550K [0x0000000080000000, 0x0000000100000000)
  region size 1024K, 12 young (12288K), 12 survivors (12288K)
 Metaspace       used 181868K, committed 182912K, reserved 1245184K
  class space    used 24394K, committed 24896K, reserved 1048576K
}
Event: 5059.663 GC heap before
{Heap before GC invocations=77 (full 0):
 garbage-first heap   total 404480K, used 216718K [0x0000000080000000, 0x0000000100000000)
  region size 1024K, 19 young (19456K), 12 survivors (12288K)
 Metaspace       used 181917K, committed 182976K, reserved 1245184K
  class space    used 24394K, committed 24896K, reserved 1048576K
}
Event: 5059.685 GC heap after
{Heap after GC invocations=78 (full 0):
 garbage-first heap   total 404480K, used 200704K [0x0000000080000000, 0x0000000100000000)
  region size 1024K, 3 young (3072K), 3 survivors (3072K)
 Metaspace       used 181917K, committed 182976K, reserved 1245184K
  class space    used 24394K, committed 24896K, reserved 1048576K
}
Event: 5062.112 GC heap before
{Heap before GC invocations=78 (full 0):
 garbage-first heap   total 404480K, used 318464K [0x0000000080000000, 0x0000000100000000)
  region size 1024K, 118 young (120832K), 3 survivors (3072K)
 Metaspace       used 187685K, committed 188736K, reserved 1245184K
  class space    used 25000K, committed 25472K, reserved 1048576K
}
Event: 5062.135 GC heap after
{Heap after GC invocations=79 (full 0):
 garbage-first heap   total 404480K, used 210373K [0x0000000080000000, 0x0000000100000000)
  region size 1024K, 13 young (13312K), 13 survivors (13312K)
 Metaspace       used 187685K, committed 188736K, reserved 1245184K
  class space    used 25000K, committed 25472K, reserved 1048576K
}
Event: 5064.333 GC heap before
{Heap before GC invocations=80 (full 0):
 garbage-first heap   total 404480K, used 324037K [0x0000000080000000, 0x0000000100000000)
  region size 1024K, 124 young (126976K), 13 survivors (13312K)
 Metaspace       used 203732K, committed 204800K, reserved 1245184K
  class space    used 26768K, committed 27264K, reserved 1048576K
}
Event: 5064.346 GC heap after
{Heap after GC invocations=81 (full 0):
 garbage-first heap   total 404480K, used 217452K [0x0000000080000000, 0x0000000100000000)
  region size 1024K, 7 young (7168K), 7 survivors (7168K)
 Metaspace       used 203732K, committed 204800K, reserved 1245184K
  class space    used 26768K, committed 27264K, reserved 1048576K
}
Event: 5064.580 GC heap before
{Heap before GC invocations=81 (full 0):
 garbage-first heap   total 404480K, used 229740K [0x0000000080000000, 0x0000000100000000)
  region size 1024K, 19 young (19456K), 7 survivors (7168K)
 Metaspace       used 205325K, committed 206400K, reserved 1245184K
  class space    used 26919K, committed 27392K, reserved 1048576K
}
Event: 5064.591 GC heap after
{Heap after GC invocations=82 (full 0):
 garbage-first heap   total 404480K, used 213342K [0x0000000080000000, 0x0000000100000000)
  region size 1024K, 2 young (2048K), 2 survivors (2048K)
 Metaspace       used 205325K, committed 206400K, reserved 1245184K
  class space    used 26919K, committed 27392K, reserved 1048576K
}
Event: 5064.845 GC heap before
{Heap before GC invocations=82 (full 0):
 garbage-first heap   total 404480K, used 229726K [0x0000000080000000, 0x0000000100000000)
  region size 1024K, 19 young (19456K), 2 survivors (2048K)
 Metaspace       used 206387K, committed 207488K, reserved 1245184K
  class space    used 27065K, committed 27584K, reserved 1048576K
}
Event: 5064.850 GC heap after
{Heap after GC invocations=83 (full 0):
 garbage-first heap   total 404480K, used 209336K [0x0000000080000000, 0x0000000100000000)
  region size 1024K, 4 young (4096K), 4 survivors (4096K)
 Metaspace       used 206387K, committed 207488K, reserved 1245184K
  class space    used 27065K, committed 27584K, reserved 1048576K
}
Event: 5067.820 GC heap before
{Heap before GC invocations=84 (full 0):
 garbage-first heap   total 404480K, used 330168K [0x0000000080000000, 0x0000000100000000)
  region size 1024K, 110 young (112640K), 4 survivors (4096K)
 Metaspace       used 222205K, committed 223424K, reserved 1245184K
  class space    used 29006K, committed 29568K, reserved 1048576K
}
Event: 5067.833 GC heap after
{Heap after GC invocations=85 (full 0):
 garbage-first heap   total 404480K, used 233951K [0x0000000080000000, 0x0000000100000000)
  region size 1024K, 14 young (14336K), 14 survivors (14336K)
 Metaspace       used 222205K, committed 223424K, reserved 1245184K
  class space    used 29006K, committed 29568K, reserved 1048576K
}
Event: 5067.963 GC heap before
{Heap before GC invocations=85 (full 0):
 garbage-first heap   total 404480K, used 239071K [0x0000000080000000, 0x0000000100000000)
  region size 1024K, 19 young (19456K), 14 survivors (14336K)
 Metaspace       used 222209K, committed 223424K, reserved 1245184K
  class space    used 29006K, committed 29568K, reserved 1048576K
}
Event: 5067.980 GC heap after
{Heap after GC invocations=86 (full 0):
 garbage-first heap   total 404480K, used 230536K [0x0000000080000000, 0x0000000100000000)
  region size 1024K, 3 young (3072K), 3 survivors (3072K)
 Metaspace       used 222209K, committed 223424K, reserved 1245184K
  class space    used 29006K, committed 29568K, reserved 1048576K
}
Event: 5068.287 GC heap before
{Heap before GC invocations=86 (full 0):
 garbage-first heap   total 404480K, used 243848K [0x0000000080000000, 0x0000000100000000)
  region size 1024K, 17 young (17408K), 3 survivors (3072K)
 Metaspace       used 222337K, committed 223488K, reserved 1245184K
  class space    used 29015K, committed 29568K, reserved 1048576K
}

