# JRE version: OpenJDK Runtime Environment (17.0.11) (build 17.0.11+0--11852314)
# Java VM: OpenJDK 64-Bit Server VM (17.0.11+0--11852314, mixed mode, tiered, compressed oops, compressed class ptrs, g1 gc, windows-amd64)
GC Precious Log:
 CPUs: 8 total, 8 available
 Memory: 16227M
 Large Page Support: Disabled
 NUMA Support: Disabled
 Compressed Oops: Enabled (32-bit)
 Heap Region Size: 1M
 Heap Min Capacity: 8M
 Heap Initial Capacity: 254M
 Heap Max Capacity: 2G
 Pre-touch: Disabled
 Parallel Workers: 8
 Concurrent Workers: 2
 Concurrent Refinement Workers: 8
 Periodic GC: Disabled
Heap:
 garbage-first heap   total 365568K, used 155713K [0x0000000080000000, 0x0000000100000000)
  region size 1024K, 12 young (12288K), 12 survivors (12288K)
 Metaspace       used 145746K, committed 146816K, reserved 1179648K
  class space    used 19300K, committed 19840K, reserved 1048576K
GC Heap History (20 events):
Event: 29.355 GC heap after
{Heap after GC invocations=59 (full 0):
 garbage-first heap   total 294912K, used 196556K [0x0000000080000000, 0x0000000100000000)
  region size 1024K, 4 young (4096K), 4 survivors (4096K)
 Metaspace       used 138275K, committed 139200K, reserved 1179648K
  class space    used 18742K, committed 19200K, reserved 1048576K
}
Event: 29.366 GC heap before
{Heap before GC invocations=59 (full 0):
 garbage-first heap   total 294912K, used 206796K [0x0000000080000000, 0x0000000100000000)
  region size 1024K, 5 young (5120K), 4 survivors (4096K)
 Metaspace       used 138275K, committed 139200K, reserved 1179648K
  class space    used 18742K, committed 19200K, reserved 1048576K
}
Event: 29.371 GC heap after
{Heap after GC invocations=60 (full 0):
 garbage-first heap   total 294912K, used 198496K [0x0000000080000000, 0x0000000100000000)
  region size 1024K, 4 young (4096K), 4 survivors (4096K)
 Metaspace       used 138275K, committed 139200K, reserved 1179648K
  class space    used 18742K, committed 19200K, reserved 1048576K
}
Event: 67.789 GC heap before
{Heap before GC invocations=61 (full 0):
 garbage-first heap   total 365568K, used 267104K [0x0000000080000000, 0x0000000100000000)
  region size 1024K, 56 young (57344K), 4 survivors (4096K)
 Metaspace       used 142898K, committed 143808K, reserved 1179648K
  class space    used 19177K, committed 19648K, reserved 1048576K
}
Event: 67.797 GC heap after
{Heap after GC invocations=62 (full 0):
 garbage-first heap   total 365568K, used 176117K [0x0000000080000000, 0x0000000100000000)
  region size 1024K, 6 young (6144K), 6 survivors (6144K)
 Metaspace       used 142898K, committed 143808K, reserved 1179648K
  class space    used 19177K, committed 19648K, reserved 1048576K
}
Event: 67.915 GC heap before
{Heap before GC invocations=62 (full 0):
 garbage-first heap   total 365568K, used 186357K [0x0000000080000000, 0x0000000100000000)
  region size 1024K, 17 young (17408K), 6 survivors (6144K)
 Metaspace       used 142992K, committed 143872K, reserved 1179648K
  class space    used 19182K, committed 19648K, reserved 1048576K
}
Event: 67.925 GC heap after
{Heap after GC invocations=63 (full 0):
 garbage-first heap   total 365568K, used 145846K [0x0000000080000000, 0x0000000100000000)
  region size 1024K, 2 young (2048K), 2 survivors (2048K)
 Metaspace       used 142992K, committed 143872K, reserved 1179648K
  class space    used 19182K, committed 19648K, reserved 1048576K
}
Event: 70.434 GC heap before
{Heap before GC invocations=63 (full 0):
 garbage-first heap   total 365568K, used 245174K [0x0000000080000000, 0x0000000100000000)
  region size 1024K, 101 young (103424K), 2 survivors (2048K)
 Metaspace       used 143575K, committed 144448K, reserved 1179648K
  class space    used 19197K, committed 19648K, reserved 1048576K
}
Event: 70.450 GC heap after
{Heap after GC invocations=64 (full 0):
 garbage-first heap   total 365568K, used 159637K [0x0000000080000000, 0x0000000100000000)
  region size 1024K, 15 young (15360K), 15 survivors (15360K)
 Metaspace       used 143575K, committed 144448K, reserved 1179648K
  class space    used 19197K, committed 19648K, reserved 1048576K
}
Event: 187.828 GC heap before
{Heap before GC invocations=65 (full 0):
 garbage-first heap   total 365568K, used 332693K [0x0000000080000000, 0x0000000100000000)
  region size 1024K, 132 young (135168K), 15 survivors (15360K)
 Metaspace       used 144283K, committed 145216K, reserved 1179648K
  class space    used 19229K, committed 19712K, reserved 1048576K
}
Event: 187.841 GC heap after
{Heap after GC invocations=66 (full 0):
 garbage-first heap   total 365568K, used 161403K [0x0000000080000000, 0x0000000100000000)
  region size 1024K, 5 young (5120K), 5 survivors (5120K)
 Metaspace       used 144283K, committed 145216K, reserved 1179648K
  class space    used 19229K, committed 19712K, reserved 1048576K
}
Event: 187.992 GC heap before
{Heap before GC invocations=66 (full 0):
 garbage-first heap   total 365568K, used 172667K [0x0000000080000000, 0x0000000100000000)
  region size 1024K, 17 young (17408K), 5 survivors (5120K)
 Metaspace       used 144319K, committed 145280K, reserved 1179648K
  class space    used 19230K, committed 19712K, reserved 1048576K
}
Event: 188.022 GC heap after
{Heap after GC invocations=67 (full 0):
 garbage-first heap   total 365568K, used 144613K [0x0000000080000000, 0x0000000100000000)
  region size 1024K, 2 young (2048K), 2 survivors (2048K)
 Metaspace       used 144319K, committed 145280K, reserved 1179648K
  class space    used 19230K, committed 19712K, reserved 1048576K
}
Event: 191.649 GC heap before
{Heap before GC invocations=67 (full 0):
 garbage-first heap   total 365568K, used 242917K [0x0000000080000000, 0x0000000100000000)
  region size 1024K, 100 young (102400K), 2 survivors (2048K)
 Metaspace       used 144748K, committed 145728K, reserved 1179648K
  class space    used 19250K, committed 19712K, reserved 1048576K
}
Event: 191.666 GC heap after
{Heap after GC invocations=68 (full 0):
 garbage-first heap   total 365568K, used 158652K [0x0000000080000000, 0x0000000100000000)
  region size 1024K, 16 young (16384K), 16 survivors (16384K)
 Metaspace       used 144748K, committed 145728K, reserved 1179648K
  class space    used 19250K, committed 19712K, reserved 1048576K
}
Event: 305.760 GC heap before
{Heap before GC invocations=69 (full 0):
 garbage-first heap   total 365568K, used 333756K [0x0000000080000000, 0x0000000100000000)
  region size 1024K, 136 young (139264K), 16 survivors (16384K)
 Metaspace       used 145166K, committed 146176K, reserved 1179648K
  class space    used 19256K, committed 19776K, reserved 1048576K
}
Event: 305.771 GC heap after
{Heap after GC invocations=70 (full 0):
 garbage-first heap   total 365568K, used 159471K [0x0000000080000000, 0x0000000100000000)
  region size 1024K, 5 young (5120K), 5 survivors (5120K)
 Metaspace       used 145166K, committed 146176K, reserved 1179648K
  class space    used 19256K, committed 19776K, reserved 1048576K
}
Event: 305.844 GC heap before
{Heap before GC invocations=70 (full 0):
 garbage-first heap   total 365568K, used 170735K [0x0000000080000000, 0x0000000100000000)
  region size 1024K, 17 young (17408K), 5 survivors (5120K)
 Metaspace       used 145191K, committed 146240K, reserved 1179648K
  class space    used 19257K, committed 19776K, reserved 1048576K
}
Event: 305.854 GC heap after
{Heap after GC invocations=71 (full 0):
 garbage-first heap   total 365568K, used 145443K [0x0000000080000000, 0x0000000100000000)
  region size 1024K, 2 young (2048K), 2 survivors (2048K)
 Metaspace       used 145191K, committed 146240K, reserved 1179648K
  class space    used 19257K, committed 19776K, reserved 1048576K
}
Event: 309.150 GC heap before
{Heap before GC invocations=71 (full 0):
 garbage-first heap   total 365568K, used 256035K [0x0000000080000000, 0x0000000100000000)
  region size 1024K, 112 young (114688K), 2 survivors (2048K)
 Metaspace       used 145746K, committed 146816K, reserved 1179648K
  class space    used 19300K, committed 19840K, reserved 1048576K
}

